#
# There is insufficient memory for the Java Runtime Environment to continue.
# Native memory allocation (malloc) failed to allocate 291552 bytes for Chunk::new
# Possible reasons:
#   The system is out of physical RAM or swap space
#   The process is running with CompressedOops enabled, and the Java Heap may be blocking the growth of the native heap
# Possible solutions:
#   Reduce memory load on the system
#   Increase physical memory or swap space
#   Check if swap backing store is full
#   Decrease Java heap size (-Xmx/-Xms)
#   Decrease number of Java threads
#   Decrease Java thread stack sizes (-Xss)
#   Set larger code cache with -XX:ReservedCodeCacheSize=
#   JVM is running with Unscaled Compressed Oops mode in which the Java heap is
#     placed in the first 4GB address space. The Java Heap base address is the
#     maximum limit for the native heap growth. Please use -XX:HeapBaseMinAddress
#     to set the Java Heap base and to place the Java Heap above 4GB virtual address.
# This output file may be truncated or incomplete.
#
#  Out of Memory Error (allocation.cpp:389), pid=9864, tid=0x0000000000000b20
#
# JRE version: OpenJDK Runtime Environment (8.0_242-b01) (build 1.8.0_242-release-1644-b01)
# Java VM: OpenJDK 64-Bit Server VM (25.242-b01 mixed mode windows-amd64 compressed oops)
# Failed to write core dump. Minidumps are not enabled by default on client versions of Windows
#

---------------  T H R E A D  ---------------

Current thread (0x00000000177da000):  JavaThread "C2 CompilerThread0" daemon [_thread_in_native, id=2848, stack(0x0000000018e30000,0x0000000018f30000)]

Stack: [0x0000000018e30000,0x0000000018f30000]
[error occurred during error reporting (printing stack bounds), id 0xc0000005]

Native frames: (J=compiled Java code, j=interpreted, Vv=VM code, C=native code)


Current CompileTask:
C2:  54609 12756       4       com.android.tools.r8.ir.conversion.N::a (737 bytes)


---------------  P R O C E S S  ---------------

Java Threads: ( => current thread )
  0x000000001dff2000 JavaThread "WorkerExecutor Queue Thread 3" [_thread_blocked, id=13032, stack(0x0000000026a10000,0x0000000026b10000)]
  0x000000001dfea800 JavaThread "WorkerExecutor Queue Thread 2" [_thread_in_native, id=3036, stack(0x0000000026910000,0x0000000026a10000)]
  0x000000001dff1000 JavaThread "WorkerExecutor Queue" [_thread_in_Java, id=13536, stack(0x0000000026810000,0x0000000026910000)]
  0x000000001dfef800 JavaThread "ForkJoinPool.commonPool-worker-3" daemon [_thread_blocked, id=8732, stack(0x0000000026550000,0x0000000026650000)]
  0x000000001dfef000 JavaThread "ForkJoinPool.commonPool-worker-1" daemon [_thread_blocked, id=2344, stack(0x0000000026350000,0x0000000026450000)]
  0x000000001dfe9000 JavaThread "Cache worker for Java compile cache (E:\GetSafeDriver\.gradle\6.1.1\javaCompile)" [_thread_blocked, id=12424, stack(0x0000000025c50000,0x0000000025d50000)]
  0x000000001dfe8000 JavaThread "Cache worker for Java compile cache (E:\androidStudio\caches\6.1.1\javaCompile)" [_thread_blocked, id=3560, stack(0x0000000025b50000,0x0000000025c50000)]
  0x000000001d846800 JavaThread "Cache worker for execution history cache (E:\GetSafeDriver\.gradle\6.1.1\executionHistory)" [_thread_blocked, id=8928, stack(0x0000000025850000,0x0000000025950000)]
  0x000000001d846000 JavaThread "Execution worker for ':' Thread 3" [_thread_blocked, id=3804, stack(0x0000000025350000,0x0000000025450000)]
  0x000000001d847800 JavaThread "Execution worker for ':' Thread 2" [_thread_blocked, id=10028, stack(0x0000000025250000,0x0000000025350000)]
  0x000000001d843000 JavaThread "Execution worker for ':'" [_thread_blocked, id=12820, stack(0x0000000025150000,0x0000000025250000)]
  0x000000001d840000 JavaThread "Cache worker for file content cache (E:\GetSafeDriver\.gradle\6.1.1\fileContent)" [_thread_blocked, id=1332, stack(0x0000000024910000,0x0000000024a10000)]
  0x000000001d83f000 JavaThread "Cache worker for file content cache (E:\androidStudio\caches\6.1.1\fileContent)" [_thread_blocked, id=8120, stack(0x0000000024570000,0x0000000024670000)]
  0x000000001d840800 JavaThread "Memory manager" [_thread_blocked, id=5776, stack(0x0000000024270000,0x0000000024370000)]
  0x000000001d838800 JavaThread "Cache worker for Build Output Cleanup Cache (E:\GetSafeDriver\.gradle\buildOutputCleanup)" [_thread_blocked, id=1456, stack(0x0000000023970000,0x0000000023a70000)]
  0x000000001d83d000 JavaThread "Build operations Thread 4" [_thread_blocked, id=12696, stack(0x0000000023470000,0x0000000023570000)]
  0x000000001d83b800 JavaThread "Build operations Thread 3" [_thread_blocked, id=5148, stack(0x0000000023370000,0x0000000023470000)]
  0x000000001d83a000 JavaThread "Build operations Thread 2" [_thread_blocked, id=13336, stack(0x0000000023270000,0x0000000023370000)]
  0x000000001d839000 JavaThread "Build operations" [_thread_blocked, id=5936, stack(0x0000000023170000,0x0000000023270000)]
  0x000000001950b000 JavaThread "Cache worker for execution history cache (E:\androidStudio\caches\6.1.1\executionHistory)" [_thread_blocked, id=360, stack(0x000000001f120000,0x000000001f220000)]
  0x000000001950c000 JavaThread "Cache worker for cache directory md-rule (E:\androidStudio\caches\6.1.1\md-rule)" [_thread_blocked, id=688, stack(0x000000001f020000,0x000000001f120000)]
  0x000000001950f000 JavaThread "Cache worker for cache directory md-supplier (E:\androidStudio\caches\6.1.1\md-supplier)" [_thread_blocked, id=14320, stack(0x000000001ef20000,0x000000001f020000)]
  0x000000001950e000 JavaThread "Cache worker for file hash cache (E:\GetSafeDriver\.gradle\6.1.1\fileHashes)" [_thread_blocked, id=13588, stack(0x000000001ea20000,0x000000001eb20000)]
  0x0000000019512000 JavaThread "Cache worker for checksums cache (E:\GetSafeDriver\.gradle\checksums)" [_thread_blocked, id=12348, stack(0x000000001e920000,0x000000001ea20000)]
  0x000000001950d800 JavaThread "Cache worker for file hash cache (E:\androidStudio\caches\6.1.1\fileHashes)" [_thread_blocked, id=11456, stack(0x000000001d550000,0x000000001d650000)]
  0x000000001950c800 JavaThread "File lock request listener" [_thread_in_native, id=7628, stack(0x000000001d450000,0x000000001d550000)]
  0x000000001a571000 JavaThread "Cache worker for journal cache (E:\androidStudio\caches\journal-1)" [_thread_blocked, id=10088, stack(0x000000001d350000,0x000000001d450000)]
  0x000000001b15a800 JavaThread "Thread-9" [_thread_blocked, id=13856, stack(0x000000001d050000,0x000000001d150000)]
  0x000000001b157000 JavaThread "Stdin handler" [_thread_blocked, id=2528, stack(0x000000001cf50000,0x000000001d050000)]
  0x000000001b154800 JavaThread "Asynchronous log dispatcher for DefaultDaemonConnection: socket connection from /127.0.0.1:1446 to /127.0.0.1:1447" [_thread_blocked, id=12248, stack(0x000000001ce50000,0x000000001cf50000)]
  0x000000001b228800 JavaThread "Daemon worker" [_thread_blocked, id=12240, stack(0x000000001cd50000,0x000000001ce50000)]
  0x000000001b228000 JavaThread "Cancel handler" [_thread_blocked, id=13464, stack(0x000000001cc50000,0x000000001cd50000)]
  0x000000001a34f000 JavaThread "Handler for socket connection from /127.0.0.1:1446 to /127.0.0.1:1447" [_thread_in_native, id=3268, stack(0x000000001c950000,0x000000001ca50000)]
  0x000000001a34c000 JavaThread "Daemon" [_thread_blocked, id=2712, stack(0x000000001c850000,0x000000001c950000)]
  0x000000001b1f4800 JavaThread "Daemon periodic checks" [_thread_blocked, id=13320, stack(0x000000001c750000,0x000000001c850000)]
  0x000000001b198800 JavaThread "Incoming local TCP Connector on port 1446" [_thread_in_native, id=10328, stack(0x000000001c510000,0x000000001c610000)]
  0x00000000197c5800 JavaThread "Daemon health stats" [_thread_blocked, id=3332, stack(0x000000001bed0000,0x000000001bfd0000)]
  0x0000000019160800 JavaThread "Service Thread" daemon [_thread_blocked, id=5364, stack(0x0000000019530000,0x0000000019630000)]
  0x00000000177e9800 JavaThread "C1 CompilerThread2" daemon [_thread_in_native, id=11908, stack(0x0000000019030000,0x0000000019130000)]
  0x00000000177dc000 JavaThread "C2 CompilerThread1" daemon [_thread_in_native, id=10916, stack(0x0000000018f30000,0x0000000019030000)]
=>0x00000000177da000 JavaThread "C2 CompilerThread0" daemon [_thread_in_native, id=2848, stack(0x0000000018e30000,0x0000000018f30000)]
  0x00000000177d4800 JavaThread "Attach Listener" daemon [_thread_blocked, id=11232, stack(0x0000000018d30000,0x0000000018e30000)]
  0x00000000177d3800 JavaThread "Signal Dispatcher" daemon [_thread_blocked, id=4304, stack(0x0000000018c30000,0x0000000018d30000)]
  0x0000000002bac000 JavaThread "Finalizer" daemon [_thread_blocked, id=9804, stack(0x0000000018a30000,0x0000000018b30000)]
  0x0000000002ba3000 JavaThread "Reference Handler" daemon [_thread_blocked, id=7968, stack(0x0000000018930000,0x0000000018a30000)]
  0x0000000002ab2800 JavaThread "main" [_thread_blocked, id=12412, stack(0x0000000002950000,0x0000000002a50000)]

Other Threads:
  0x0000000017797000 VMThread [stack: 0x0000000018830000,0x0000000018930000] [id=14080]
  0x000000001782c000 WatcherThread [stack: 0x0000000019630000,0x0000000019730000] [id=13640]

VM state:not at safepoint (normal execution)

VM Mutex/Monitor currently owned by a thread: None

heap address: 0x0000000080000000, size: 2048 MB, Compressed Oops mode: 32-bit
Narrow klass base: 0x0000000000000000, Narrow klass shift: 3
Compressed class space size: 1073741824 Address: 0x0000000100000000

Heap:
 PSYoungGen      total 210944K, used 57580K [0x00000000d5580000, 0x00000000e4580000, 0x0000000100000000)
  eden space 185344K, 17% used [0x00000000d5580000,0x00000000d7520bc8,0x00000000e0a80000)
  from space 25600K, 98% used [0x00000000e2700000,0x00000000e3f9a5f8,0x00000000e4000000)
  to   space 29184K, 0% used [0x00000000e0a80000,0x00000000e0a80000,0x00000000e2700000)
 ParOldGen       total 131072K, used 55377K [0x0000000080000000, 0x0000000088000000, 0x00000000d5580000)
  object space 131072K, 42% used [0x0000000080000000,0x0000000083614478,0x0000000088000000)
 Metaspace       used 83742K, capacity 87838K, committed 87976K, reserved 1124352K
  class space    used 11304K, capacity 12195K, committed 12208K, reserved 1048576K

Card table byte_map: [0x0000000011f70000,0x0000000012380000] byte_map_base: 0x0000000011b70000

Marking Bits: (ParMarkBitMap*) 0x00000000559af030
 Begin Bits: [0x0000000012a30000, 0x0000000014a30000)
 End Bits:   [0x0000000014a30000, 0x0000000016a30000)

Polling page: 0x00000000010a0000

CodeCache: size=245760Kb used=40117Kb max_used=40117Kb free=205642Kb
 bounds [0x0000000002bb0000, 0x0000000005310000, 0x0000000011bb0000]
 total_blobs=12439 nmethods=11557 adapters=792
 compilation: enabled

Compilation events (10 events):
Event: 54.572 Thread 0x00000000177dc000 13188       4       com.android.tools.r8.v.a.a.a.f.X$e::<init> (6 bytes)
Event: 54.572 Thread 0x00000000177dc000 nmethod 13188 0x00000000052a6e10 code [0x00000000052a6f40, 0x00000000052a6fb8]
Event: 54.572 Thread 0x00000000177dc000 13190       4       com.android.tools.r8.ir.conversion.q::a (79 bytes)
Event: 54.572 Thread 0x00000000177e9800 13191       3       com.android.tools.r8.u.a.i.e::a (172 bytes)
Event: 54.576 Thread 0x00000000177e9800 nmethod 13191 0x00000000052d7ed0 code [0x00000000052d8380, 0x00000000052db628]
Event: 54.576 Thread 0x00000000177e9800 13192       3       com.android.tools.r8.ir.optimize.l::v (844 bytes)
Event: 54.579 Thread 0x00000000177dc000 nmethod 13190 0x00000000052d5a50 code [0x00000000052d5ba0, 0x00000000052d5f38]
Event: 54.579 Thread 0x00000000177dc000 13103       4       java.util.IdentityHashMap$KeySet::iterator (13 bytes)
Event: 54.581 Thread 0x00000000177dc000 nmethod 13103 0x00000000052d5650 code [0x00000000052d57a0, 0x00000000052d58d8]
Event: 54.581 Thread 0x00000000177dc000 13201       4       com.android.tools.r8.ir.conversion.N::c (178 bytes)

GC Heap History (10 events):
Event: 32.382 GC heap before
{Heap before GC invocations=19 (full 3):
 PSYoungGen      total 129536K, used 111104K [0x00000000d5580000, 0x00000000e0d80000, 0x0000000100000000)
  eden space 111104K, 100% used [0x00000000d5580000,0x00000000dc200000,0x00000000dc200000)
  from space 18432K, 0% used [0x00000000dc200000,0x00000000dc200000,0x00000000dd400000)
  to   space 18432K, 0% used [0x00000000dfb80000,0x00000000dfb80000,0x00000000e0d80000)
 ParOldGen       total 131072K, used 34541K [0x0000000080000000, 0x0000000088000000, 0x00000000d5580000)
  object space 131072K, 26% used [0x0000000080000000,0x00000000821bb650,0x0000000088000000)
 Metaspace       used 63573K, capacity 65976K, committed 66088K, reserved 1105920K
  class space    used 8669K, capacity 9204K, committed 9264K, reserved 1048576K
Event: 32.415 GC heap after
Heap after GC invocations=19 (full 3):
 PSYoungGen      total 157184K, used 15201K [0x00000000d5580000, 0x00000000e0a80000, 0x0000000100000000)
  eden space 141824K, 0% used [0x00000000d5580000,0x00000000d5580000,0x00000000de000000)
  from space 15360K, 98% used [0x00000000dfb80000,0x00000000e0a58470,0x00000000e0a80000)
  to   space 19968K, 0% used [0x00000000de380000,0x00000000de380000,0x00000000df700000)
 ParOldGen       total 131072K, used 34549K [0x0000000080000000, 0x0000000088000000, 0x00000000d5580000)
  object space 131072K, 26% used [0x0000000080000000,0x00000000821bd650,0x0000000088000000)
 Metaspace       used 63573K, capacity 65976K, committed 66088K, reserved 1105920K
  class space    used 8669K, capacity 9204K, committed 9264K, reserved 1048576K
}
Event: 38.509 GC heap before
{Heap before GC invocations=20 (full 3):
 PSYoungGen      total 157184K, used 157025K [0x00000000d5580000, 0x00000000e0a80000, 0x0000000100000000)
  eden space 141824K, 100% used [0x00000000d5580000,0x00000000de000000,0x00000000de000000)
  from space 15360K, 98% used [0x00000000dfb80000,0x00000000e0a58470,0x00000000e0a80000)
  to   space 19968K, 0% used [0x00000000de380000,0x00000000de380000,0x00000000df700000)
 ParOldGen       total 131072K, used 34549K [0x0000000080000000, 0x0000000088000000, 0x00000000d5580000)
  object space 131072K, 26% used [0x0000000080000000,0x00000000821bd650,0x0000000088000000)
 Metaspace       used 65764K, capacity 68544K, committed 68776K, reserved 1107968K
  class space    used 8943K, capacity 9578K, committed 9648K, reserved 1048576K
Event: 38.558 GC heap after
Heap after GC invocations=20 (full 3):
 PSYoungGen      total 165376K, used 19941K [0x00000000d5580000, 0x00000000e2480000, 0x0000000100000000)
  eden space 145408K, 0% used [0x00000000d5580000,0x00000000d5580000,0x00000000de380000)
  from space 19968K, 99% used [0x00000000de380000,0x00000000df6f9520,0x00000000df700000)
  to   space 23040K, 0% used [0x00000000e0e00000,0x00000000e0e00000,0x00000000e2480000)
 ParOldGen       total 131072K, used 35713K [0x0000000080000000, 0x0000000088000000, 0x00000000d5580000)
  object space 131072K, 27% used [0x0000000080000000,0x00000000822e07a8,0x0000000088000000)
 Metaspace       used 65764K, capacity 68544K, committed 68776K, reserved 1107968K
  class space    used 8943K, capacity 9578K, committed 9648K, reserved 1048576K
}
Event: 45.249 GC heap before
{Heap before GC invocations=21 (full 3):
 PSYoungGen      total 165376K, used 165349K [0x00000000d5580000, 0x00000000e2480000, 0x0000000100000000)
  eden space 145408K, 100% used [0x00000000d5580000,0x00000000de380000,0x00000000de380000)
  from space 19968K, 99% used [0x00000000de380000,0x00000000df6f9520,0x00000000df700000)
  to   space 23040K, 0% used [0x00000000e0e00000,0x00000000e0e00000,0x00000000e2480000)
 ParOldGen       total 131072K, used 35713K [0x0000000080000000, 0x0000000088000000, 0x00000000d5580000)
  object space 131072K, 27% used [0x0000000080000000,0x00000000822e07a8,0x0000000088000000)
 Metaspace       used 71276K, capacity 74286K, committed 74408K, reserved 1114112K
  class space    used 9673K, capacity 10350K, committed 10416K, reserved 1048576K
Event: 45.318 GC heap after
Heap after GC invocations=21 (full 3):
 PSYoungGen      total 187392K, used 18217K [0x00000000d5580000, 0x00000000e2a80000, 0x0000000100000000)
  eden space 164352K, 0% used [0x00000000d5580000,0x00000000d5580000,0x00000000df600000)
  from space 23040K, 79% used [0x00000000e0e00000,0x00000000e1fca7b8,0x00000000e2480000)
  to   space 24576K, 0% used [0x00000000df600000,0x00000000df600000,0x00000000e0e00000)
 ParOldGen       total 131072K, used 55361K [0x0000000080000000, 0x0000000088000000, 0x00000000d5580000)
  object space 131072K, 42% used [0x0000000080000000,0x0000000083610478,0x0000000088000000)
 Metaspace       used 71276K, capacity 74286K, committed 74408K, reserved 1114112K
  class space    used 9673K, capacity 10350K, committed 10416K, reserved 1048576K
}
Event: 48.826 GC heap before
{Heap before GC invocations=22 (full 3):
 PSYoungGen      total 187392K, used 182569K [0x00000000d5580000, 0x00000000e2a80000, 0x0000000100000000)
  eden space 164352K, 100% used [0x00000000d5580000,0x00000000df600000,0x00000000df600000)
  from space 23040K, 79% used [0x00000000e0e00000,0x00000000e1fca7b8,0x00000000e2480000)
  to   space 24576K, 0% used [0x00000000df600000,0x00000000df600000,0x00000000e0e00000)
 ParOldGen       total 131072K, used 55361K [0x0000000080000000, 0x0000000088000000, 0x00000000d5580000)
  object space 131072K, 42% used [0x0000000080000000,0x0000000083610478,0x0000000088000000)
 Metaspace       used 73778K, capacity 76912K, committed 77224K, reserved 1116160K
  class space    used 9890K, capacity 10576K, committed 10672K, reserved 1048576K
Event: 48.847 GC heap after
Heap after GC invocations=22 (full 3):
 PSYoungGen      total 188928K, used 17868K [0x00000000d5580000, 0x00000000e4000000, 0x0000000100000000)
  eden space 164352K, 0% used [0x00000000d5580000,0x00000000d5580000,0x00000000df600000)
  from space 24576K, 72% used [0x00000000df600000,0x00000000e07733a8,0x00000000e0e00000)
  to   space 25600K, 0% used [0x00000000e2700000,0x00000000e2700000,0x00000000e4000000)
 ParOldGen       total 131072K, used 55369K [0x0000000080000000, 0x0000000088000000, 0x00000000d5580000)
  object space 131072K, 42% used [0x0000000080000000,0x0000000083612478,0x0000000088000000)
 Metaspace       used 73778K, capacity 76912K, committed 77224K, reserved 1116160K
  class space    used 9890K, capacity 10576K, committed 10672K, reserved 1048576K
}
Event: 54.193 GC heap before
{Heap before GC invocations=23 (full 3):
 PSYoungGen      total 188928K, used 182220K [0x00000000d5580000, 0x00000000e4000000, 0x0000000100000000)
  eden space 164352K, 100% used [0x00000000d5580000,0x00000000df600000,0x00000000df600000)
  from space 24576K, 72% used [0x00000000df600000,0x00000000e07733a8,0x00000000e0e00000)
  to   space 25600K, 0% used [0x00000000e2700000,0x00000000e2700000,0x00000000e4000000)
 ParOldGen       total 131072K, used 55369K [0x0000000080000000, 0x0000000088000000, 0x00000000d5580000)
  object space 131072K, 42% used [0x0000000080000000,0x0000000083612478,0x0000000088000000)
 Metaspace       used 82670K, capacity 86520K, committed 86824K, reserved 1124352K
  class space    used 11169K, capacity 11990K, committed 12080K, reserved 1048576K
Event: 54.231 GC heap after
Heap after GC invocations=23 (full 3):
 PSYoungGen      total 210944K, used 25193K [0x00000000d5580000, 0x00000000e4580000, 0x0000000100000000)
  eden space 185344K, 0% used [0x00000000d5580000,0x00000000d5580000,0x00000000e0a80000)
  from space 25600K, 98% used [0x00000000e2700000,0x00000000e3f9a5f8,0x00000000e4000000)
  to   space 29184K, 0% used [0x00000000e0a80000,0x00000000e0a80000,0x00000000e2700000)
 ParOldGen       total 131072K, used 55377K [0x0000000080000000, 0x0000000088000000, 0x00000000d5580000)
  object space 131072K, 42% used [0x0000000080000000,0x0000000083614478,0x0000000088000000)
 Metaspace       used 82670K, capacity 86520K, committed 86824K, reserved 1124352K
  class space    used 11169K, capacity 11990K, committed 12080K, reserved 1048576K
}

Deoptimization events (10 events):
Event: 54.100 Thread 0x000000001dff1000 Uncommon trap: reason=bimorphic action=maybe_recompile pc=0x0000000004155e94 method=java.util.HashMap.removeNode(ILjava/lang/Object;Ljava/lang/Object;ZZ)Ljava/util/HashMap$Node; @ 143
Event: 54.104 Thread 0x000000001dfea800 Uncommon trap: reason=class_check action=maybe_recompile pc=0x0000000004e9d1c4 method=com.android.tools.r8.ir.optimize.g.b(Lcom/android/tools/r8/u/b/n;)I @ 56
Event: 54.104 Thread 0x000000001dfea800 Uncommon trap: reason=class_check action=maybe_recompile pc=0x0000000004e9d1c4 method=com.android.tools.r8.ir.optimize.g.b(Lcom/android/tools/r8/u/b/n;)I @ 56
Event: 54.104 Thread 0x000000001dfea800 Uncommon trap: reason=class_check action=maybe_recompile pc=0x0000000004f42d54 method=com.android.tools.r8.ir.optimize.I.a(Lcom/android/tools/r8/u/b/h0;)Z @ 93
Event: 54.104 Thread 0x000000001dfea800 Uncommon trap: reason=unstable_if action=reinterpret pc=0x0000000004f429a4 method=com.android.tools.r8.ir.optimize.I.a(Lcom/android/tools/r8/u/b/h0;)Z @ 164
Event: 54.105 Thread 0x000000001dfea800 Uncommon trap: reason=class_check action=maybe_recompile pc=0x0000000004e9d1c4 method=com.android.tools.r8.ir.optimize.g.b(Lcom/android/tools/r8/u/b/n;)I @ 56
Event: 54.254 Thread 0x000000001dfea800 Uncommon trap: reason=unstable_if action=reinterpret pc=0x0000000004fa3e08 method=com.android.tools.r8.v.a.a.a.f.X$e.contains(Ljava/lang/Object;)Z @ 124
Event: 54.558 Thread 0x000000001dfea800 Uncommon trap: reason=array_check action=maybe_recompile pc=0x0000000004b04084 method=java.util.TimSort.binarySort([Ljava/lang/Object;IIILjava/util/Comparator;)V @ 193
Event: 54.559 Thread 0x000000001dfea800 Uncommon trap: reason=array_check action=maybe_recompile pc=0x0000000004b04158 method=java.util.TimSort.binarySort([Ljava/lang/Object;IIILjava/util/Comparator;)V @ 183
Event: 54.559 Thread 0x000000001dfea800 Uncommon trap: reason=array_check action=maybe_recompile pc=0x0000000004b04084 method=java.util.TimSort.binarySort([Ljava/lang/Object;IIILjava/util/Comparator;)V @ 193

Classes redefined (0 events):
No events

Internal exceptions (10 events):
Event: 46.338 Thread 0x000000001d847800 Implicit null exception at 0x0000000004602335 to 0x00000000046027c9
Event: 47.936 Thread 0x000000001b15a800 Exception <a 'java/lang/NoSuchMethodError': <clinit>> (0x00000000dd197cf8) thrown at [C:\src\AOSP-openjdk-git\hotspot\src\share\vm\prims\jni.cpp, line 1615]
Event: 47.940 Thread 0x000000001b15a800 Exception <a 'java/lang/NoSuchMethodError': <clinit>> (0x00000000dd40b598) thrown at [C:\src\AOSP-openjdk-git\hotspot\src\share\vm\prims\jni.cpp, line 1615]
Event: 50.937 Thread 0x000000001dfe9800 Exception <a 'sun/nio/fs/WindowsException'> (0x00000000d7ea2e68) thrown at [C:\src\AOSP-openjdk-git\hotspot\src\share\vm\prims\jni.cpp, line 710]
Event: 50.955 Thread 0x000000001dfef000 Exception <a 'java/lang/NoSuchMethodError': java.lang.Object.lambda$static$0(Ljava/lang/String;)Z> (0x00000000d7e87320) thrown at [C:\src\AOSP-openjdk-git\hotspot\src\share\vm\interpreter\linkResolver.cpp, line 620]
Event: 52.529 Thread 0x000000001d846000 Exception <a 'java/lang/NoSuchMethodError': <clinit>> (0x00000000d99f2360) thrown at [C:\src\AOSP-openjdk-git\hotspot\src\share\vm\prims\jni.cpp, line 1615]
Event: 52.732 Thread 0x000000001dfea800 Exception <a 'sun/nio/fs/WindowsException'> (0x00000000da189b90) thrown at [C:\src\AOSP-openjdk-git\hotspot\src\share\vm\prims\jni.cpp, line 710]
Event: 52.735 Thread 0x000000001dff1000 Exception <a 'sun/nio/fs/WindowsException'> (0x00000000da205880) thrown at [C:\src\AOSP-openjdk-git\hotspot\src\share\vm\prims\jni.cpp, line 710]
Event: 53.196 Thread 0x000000001dff1000 Exception <a 'java/lang/NoSuchMethodError': java.lang.Object.lambda$maxBy$1(Ljava/util/Comparator;Ljava/lang/Object;Ljava/lang/Object;)Ljava/lang/Object;> (0x00000000db68a7a0) thrown at [C:\src\AOSP-openjdk-git\hotspot\src\share\vm\interpreter\linkResolve
Event: 53.196 Thread 0x000000001dfea800 Exception <a 'java/lang/NoSuchMethodError': java.lang.Object.lambda$maxBy$1(Ljava/util/Comparator;Ljava/lang/Object;Ljava/lang/Object;)Ljava/lang/Object;> (0x00000000db656f48) thrown at [C:\src\AOSP-openjdk-git\hotspot\src\share\vm\interpreter\linkResolve

Events (10 events):
Event: 54.578 loading class com/android/tools/r8/dex/t
Event: 54.578 loading class com/android/tools/r8/dex/t done
Event: 54.580 loading class com/android/tools/r8/dex/m
Event: 54.580 loading class com/android/tools/r8/dex/m done
Event: 54.580 loading class com/android/tools/r8/dex/j
Event: 54.580 loading class com/android/tools/r8/dex/j done
Event: 54.581 loading class com/android/tools/r8/v/a/a/a/h/K
Event: 54.581 loading class com/android/tools/r8/v/a/a/a/h/K done
Event: 54.582 loading class com/android/tools/r8/v/a/a/a/h/e
Event: 54.582 loading class com/android/tools/r8/v/a/a/a/h/e done


Dynamic libraries:
0x00007ff753180000 - 0x00007ff7531b1000 	D:\Android Studio\jre\bin\java.exe
0x00007ff9fa6e0000 - 0x00007ff9fa8cd000 	C:\WINDOWS\SYSTEM32\ntdll.dll
0x00007ff9f7d30000 - 0x00007ff9f7de3000 	C:\WINDOWS\System32\KERNEL32.DLL
0x00007ff9f67f0000 - 0x00007ff9f6a85000 	C:\WINDOWS\System32\KERNELBASE.dll
0x00007ff9f8230000 - 0x00007ff9f82d3000 	C:\WINDOWS\System32\ADVAPI32.dll
0x00007ff9f7c90000 - 0x00007ff9f7d2e000 	C:\WINDOWS\System32\msvcrt.dll
0x00007ff9f8190000 - 0x00007ff9f822e000 	C:\WINDOWS\System32\sechost.dll
0x00007ff9f7eb0000 - 0x00007ff9f7fd2000 	C:\WINDOWS\System32\RPCRT4.dll
0x00007ff9fa090000 - 0x00007ff9fa227000 	C:\WINDOWS\System32\USER32.dll
0x00007ff9f6b70000 - 0x00007ff9f6b90000 	C:\WINDOWS\System32\win32u.dll
0x00007ff9f83b0000 - 0x00007ff9f83d9000 	C:\WINDOWS\System32\GDI32.dll
0x00007ff9f6b90000 - 0x00007ff9f6d29000 	C:\WINDOWS\System32\gdi32full.dll
0x00007ff9f6d80000 - 0x00007ff9f6e20000 	C:\WINDOWS\System32\msvcp_win.dll
0x00007ff9f7800000 - 0x00007ff9f78fa000 	C:\WINDOWS\System32\ucrtbase.dll
0x00007ff9e50b0000 - 0x00007ff9e5329000 	C:\WINDOWS\WinSxS\amd64_microsoft.windows.common-controls_6595b64144ccf1df_6.0.17763.1217_none_de6e4304534e0ad3\COMCTL32.dll
0x00007ff9f8460000 - 0x00007ff9f878c000 	C:\WINDOWS\System32\combase.dll
0x00007ff9f6a90000 - 0x00007ff9f6b0e000 	C:\WINDOWS\System32\bcryptPrimitives.dll
0x00007ff9f7df0000 - 0x00007ff9f7e1e000 	C:\WINDOWS\System32\IMM32.DLL
0x0000000054b70000 - 0x0000000054c42000 	D:\Android Studio\jre\jre\bin\msvcr100.dll
0x00000000551e0000 - 0x0000000055a2b000 	D:\Android Studio\jre\jre\bin\server\jvm.dll
0x00007ff9f89c0000 - 0x00007ff9f89c8000 	C:\WINDOWS\System32\PSAPI.DLL
0x00007ff9f3fa0000 - 0x00007ff9f3fc4000 	C:\WINDOWS\SYSTEM32\WINMM.dll
0x00007ff9ece40000 - 0x00007ff9ece4a000 	C:\WINDOWS\SYSTEM32\VERSION.dll
0x00007ff9e2d80000 - 0x00007ff9e2d89000 	C:\WINDOWS\SYSTEM32\WSOCK32.dll
0x00007ff9f8840000 - 0x00007ff9f88ad000 	C:\WINDOWS\System32\WS2_32.dll
0x00007ff9f3da0000 - 0x00007ff9f3dcd000 	C:\WINDOWS\SYSTEM32\WINMMBASE.dll
0x00007ff9f67a0000 - 0x00007ff9f67ea000 	C:\WINDOWS\System32\cfgmgr32.dll
0x00007ff9ed5a0000 - 0x00007ff9ed5af000 	D:\Android Studio\jre\jre\bin\verify.dll
0x00007ff9e4780000 - 0x00007ff9e47a9000 	D:\Android Studio\jre\jre\bin\java.dll
0x00007ff9ecca0000 - 0x00007ff9eccb6000 	D:\Android Studio\jre\jre\bin\zip.dll
0x00007ff9f8a30000 - 0x00007ff9f9f24000 	C:\WINDOWS\System32\SHELL32.dll
0x00007ff9f8790000 - 0x00007ff9f8838000 	C:\WINDOWS\System32\shcore.dll
0x00007ff9f6e20000 - 0x00007ff9f756e000 	C:\WINDOWS\System32\windows.storage.dll
0x00007ff9f6750000 - 0x00007ff9f6774000 	C:\WINDOWS\System32\profapi.dll
0x00007ff9f66f0000 - 0x00007ff9f674d000 	C:\WINDOWS\System32\powrprof.dll
0x00007ff9f89d0000 - 0x00007ff9f8a22000 	C:\WINDOWS\System32\shlwapi.dll
0x00007ff9f66d0000 - 0x00007ff9f66e1000 	C:\WINDOWS\System32\kernel.appcore.dll
0x00007ff9f6d30000 - 0x00007ff9f6d47000 	C:\WINDOWS\System32\cryptsp.dll
0x00007ff9e4760000 - 0x00007ff9e477a000 	D:\Android Studio\jre\jre\bin\net.dll
0x00007ff9f5f40000 - 0x00007ff9f5fa7000 	C:\WINDOWS\system32\mswsock.dll
0x00007ff9e4740000 - 0x00007ff9e4753000 	D:\Android Studio\jre\jre\bin\nio.dll
0x00007ff9cbac0000 - 0x00007ff9cbae6000 	E:\androidStudio\native\31\windows-amd64\native-platform.dll
0x00007ff9e6520000 - 0x00007ff9e652d000 	D:\Android Studio\jre\jre\bin\management.dll
0x00007ff9f5a60000 - 0x00007ff9f5a93000 	C:\WINDOWS\system32\rsaenh.dll
0x00007ff9f6d50000 - 0x00007ff9f6d76000 	C:\WINDOWS\System32\bcrypt.dll
0x00007ff9f65d0000 - 0x00007ff9f65f8000 	C:\WINDOWS\SYSTEM32\USERENV.dll
0x00007ff9f6110000 - 0x00007ff9f611c000 	C:\WINDOWS\SYSTEM32\CRYPTBASE.dll
0x00007ff9f5c60000 - 0x00007ff9f5c9d000 	C:\WINDOWS\SYSTEM32\IPHLPAPI.DLL
0x00007ff9f7c80000 - 0x00007ff9f7c88000 	C:\WINDOWS\System32\NSI.dll
0x00007ff9ead70000 - 0x00007ff9ead86000 	C:\WINDOWS\SYSTEM32\dhcpcsvc6.DLL
0x00007ff9eaf50000 - 0x00007ff9eaf6c000 	C:\WINDOWS\SYSTEM32\dhcpcsvc.DLL
0x00007ff9f5ca0000 - 0x00007ff9f5d67000 	C:\WINDOWS\SYSTEM32\DNSAPI.dll
0x00007ff9e4710000 - 0x00007ff9e4734000 	D:\Android Studio\jre\jre\bin\sunec.dll
0x00007ff9e5af0000 - 0x00007ff9e5afa000 	C:\Windows\System32\rasadhlp.dll
0x00007ff9e65a0000 - 0x00007ff9e6619000 	C:\WINDOWS\System32\fwpuclnt.dll
0x00007ff9e4550000 - 0x00007ff9e455b000 	D:\Android Studio\jre\jre\bin\sunmscapi.dll
0x00007ff9f7620000 - 0x00007ff9f77fc000 	C:\WINDOWS\System32\CRYPT32.dll
0x00007ff9f6780000 - 0x00007ff9f6792000 	C:\WINDOWS\System32\MSASN1.dll

VM Arguments:
jvm_args: -Xmx2048m -Dfile.encoding=windows-1252 -Duser.country=GB -Duser.language=en -Duser.variant 
java_command: org.gradle.launcher.daemon.bootstrap.GradleDaemon 6.1.1
java_class_path (initial): E:\androidStudio\wrapper\dists\gradle-6.1.1-all\cfmwm155h49vnt3hynmlrsdst\gradle-6.1.1\lib\gradle-launcher-6.1.1.jar
Launcher Type: SUN_STANDARD

Environment Variables:
JAVA_HOME=C:\Program Files\Java\jdk1.8.0_131
PATH=E:\EAD Softs\apache-maven-3.6.1\bin;E:\app\OracleHomeUser1\product\12.2.0\dbhome_1\bin;C:\Program Files\Microsoft MPI\Bin\;C:\WINDOWS\system32;C:\WINDOWS;C:\WINDOWS\System32\Wbem;C:\WINDOWS\System32\WindowsPowerShell\v1.0\;C:\WINDOWS\System32\OpenSSH\;C:\Program Files\Microsoft SQL Server\130\Tools\Binn\;C:\Program Files (x86)\Microsoft SQL Server\140\Tools\Binn\;C:\Program Files\Microsoft SQL Server\140\Tools\Binn\;C:\Program Files (x86)\Microsoft SQL Server\140\DTS\Binn\;C:\Program Files\Microsoft SQL Server\140\DTS\Binn\;C:\Program Files\Microsoft SQL Server\Client SDK\ODBC\130\Tools\Binn\;C:\Program Files (x86)\Microsoft SQL Server\Client SDK\ODBC\130\Tools\Binn\;C:\Program Files (x86)\Microsoft SQL Server\140\Tools\Binn\ManagementStudio\;C:\Program Files\Java\jdk1.8.0_131\bin;C:\Program Files (x86)\Windows Kits\8.1\Windows Performance Toolkit\;E:\app\sqlite-tools-win32-x86-3310100;C:\Program Files (x86)\Microsoft SQL Server\110\DTS\Binn\;C:\Program Files (x86)\Microsoft SQL Server\120\DTS\Binn\;C:\Program Files (x86)\Microsoft SQL Server\130\DTS\Binn\;C:\Program Files (x86)\Microsoft SQL Server\150\DTS\Binn\;D:\Matlab 2018\runtime\win64;D:\Matlab 2018\bin;C:\Program Files\MongoDB\Server\4.2\bin;C:\Program Files\Git\cmd;C:\Program Files\Git\bin;D:\NodeJS\;D:\NodeJS;C:\PHP7;C:\ProgramData\ComposerSetup\bin;E:\EAD Softs\apache-maven-3.6.1\bin;C:\Program Files\Java\jdk1.8.0_131\bin;C:\Users\Udeesha Bandara\AppData\Local\Microsoft\WindowsApps;C:\Users\Udeesha Bandara\AppData\Local\Programs\Python\Python38-32;E:\app\sqlite-tools-win32-x86-3310100;C:\Program Files\MongoDB\Server\4.2\bin;E:\heroku\bin;C:\Program Files\Git\bin;C:\Users\Udeesha Bandara\AppData\Roaming\npm;D:\Microsoft VS Code\Microsoft VS Code\bin;D:\NodeJS;C:\PHP7;C:\Users\Udeesha Bandara\AppData\Roaming\Composer\vendor\bin;C:\ProgramData\ComposerSetup\bin;D:\Flutter\flutter\bin;
USERNAME=Udeesha Bandara
OS=Windows_NT
PROCESSOR_IDENTIFIER=Intel64 Family 6 Model 61 Stepping 4, GenuineIntel



---------------  S Y S T E M  ---------------

OS: Windows 10.0 , 64 bit Build 17763 (10.0.17763.1158)

CPU:total 4 (initial active 4) (2 cores per cpu, 2 threads per core) family 6 model 61 stepping 4, cmov, cx8, fxsr, mmx, sse, sse2, sse3, ssse3, sse4.1, sse4.2, popcnt, avx, avx2, aes, clmul, erms, 3dnowpref, lzcnt, ht, tsc, tscinvbit, bmi1, bmi2, adx

Memory: 4k page, physical 8296724k(1075388k free), swap 11589872k(5164k free)

vm_info: OpenJDK 64-Bit Server VM (25.242-b01) for windows-amd64 JRE (1.8.0_242-release-1644-b01), built by "builder" with MS VC++ 10.0 (VS2010)

time: Fri Feb 26 09:55:36 2021
timezone: Sri Lanka Standard Time
elapsed time: 54 seconds (0d 0h 0m 54s)

